mode: set
github.com/wojbog/ToDoList/handlers/handlers.go:11.65,12.34 1 1
github.com/wojbog/ToDoList/handlers/handlers.go:12.34,16.44 2 1
github.com/wojbog/ToDoList/handlers/handlers.go:24.3,27.17 2 1
github.com/wojbog/ToDoList/handlers/handlers.go:16.44,21.4 1 1
github.com/wojbog/ToDoList/handlers/handlers.go:27.17,28.36 1 1
github.com/wojbog/ToDoList/handlers/handlers.go:28.36,33.5 1 1
github.com/wojbog/ToDoList/handlers/handlers.go:33.10,38.5 1 1
github.com/wojbog/ToDoList/handlers/handlers.go:39.9,44.4 1 1
github.com/wojbog/ToDoList/handlers/handlers.go:51.63,52.34 1 1
github.com/wojbog/ToDoList/handlers/handlers.go:52.34,53.51 1 1
github.com/wojbog/ToDoList/handlers/handlers.go:53.51,58.4 1 0
github.com/wojbog/ToDoList/handlers/handlers.go:58.9,64.4 1 1
github.com/wojbog/ToDoList/handlers/handlers.go:71.62,72.34 1 1
github.com/wojbog/ToDoList/handlers/handlers.go:72.34,73.47 1 1
github.com/wojbog/ToDoList/handlers/handlers.go:73.47,78.4 1 1
github.com/wojbog/ToDoList/handlers/handlers.go:78.9,79.43 1 1
github.com/wojbog/ToDoList/handlers/handlers.go:79.43,84.5 1 1
github.com/wojbog/ToDoList/handlers/handlers.go:84.10,89.5 1 1
github.com/wojbog/ToDoList/handlers/handlers.go:97.65,98.34 1 1
github.com/wojbog/ToDoList/handlers/handlers.go:98.34,99.47 1 1
github.com/wojbog/ToDoList/handlers/handlers.go:99.47,104.4 1 1
github.com/wojbog/ToDoList/handlers/handlers.go:104.9,105.43 1 1
github.com/wojbog/ToDoList/handlers/handlers.go:105.43,110.5 1 1
github.com/wojbog/ToDoList/handlers/handlers.go:110.10,112.5 1 1
github.com/wojbog/ToDoList/handlers/handlers.go:119.67,120.34 1 1
github.com/wojbog/ToDoList/handlers/handlers.go:120.34,121.51 1 1
github.com/wojbog/ToDoList/handlers/handlers.go:121.51,126.4 1 0
github.com/wojbog/ToDoList/handlers/handlers.go:126.9,132.4 1 1
github.com/wojbog/ToDoList/handlers/handlers.go:138.69,139.34 1 1
github.com/wojbog/ToDoList/handlers/handlers.go:139.34,140.51 1 1
github.com/wojbog/ToDoList/handlers/handlers.go:140.51,145.4 1 0
github.com/wojbog/ToDoList/handlers/handlers.go:145.9,151.4 1 1
github.com/wojbog/ToDoList/handlers/handlers.go:157.66,158.34 1 1
github.com/wojbog/ToDoList/handlers/handlers.go:158.34,159.51 1 1
github.com/wojbog/ToDoList/handlers/handlers.go:159.51,164.4 1 0
github.com/wojbog/ToDoList/handlers/handlers.go:164.9,170.4 1 1
github.com/wojbog/ToDoList/handlers/handlers.go:177.65,178.34 1 1
github.com/wojbog/ToDoList/handlers/handlers.go:178.34,179.47 1 1
github.com/wojbog/ToDoList/handlers/handlers.go:179.47,184.4 1 1
github.com/wojbog/ToDoList/handlers/handlers.go:184.9,188.45 2 1
github.com/wojbog/ToDoList/handlers/handlers.go:196.4,200.18 3 1
github.com/wojbog/ToDoList/handlers/handlers.go:188.45,193.5 1 1
github.com/wojbog/ToDoList/handlers/handlers.go:200.18,201.37 1 1
github.com/wojbog/ToDoList/handlers/handlers.go:201.37,206.6 1 1
github.com/wojbog/ToDoList/handlers/handlers.go:206.11,211.6 1 1
github.com/wojbog/ToDoList/handlers/handlers.go:212.10,217.5 1 1
github.com/wojbog/ToDoList/handlers/handlers.go:225.70,226.34 1 1
github.com/wojbog/ToDoList/handlers/handlers.go:226.34,227.47 1 1
github.com/wojbog/ToDoList/handlers/handlers.go:227.47,232.4 1 1
github.com/wojbog/ToDoList/handlers/handlers.go:232.9,237.49 3 1
github.com/wojbog/ToDoList/handlers/handlers.go:245.4,249.18 3 1
github.com/wojbog/ToDoList/handlers/handlers.go:237.49,242.5 1 1
github.com/wojbog/ToDoList/handlers/handlers.go:249.18,250.37 1 1
github.com/wojbog/ToDoList/handlers/handlers.go:250.37,255.6 1 1
github.com/wojbog/ToDoList/handlers/handlers.go:255.11,260.6 1 1
github.com/wojbog/ToDoList/handlers/handlers.go:261.10,266.5 1 1
github.com/wojbog/ToDoList/handlers/handlers.go:274.66,275.34 1 1
github.com/wojbog/ToDoList/handlers/handlers.go:275.34,276.47 1 1
github.com/wojbog/ToDoList/handlers/handlers.go:276.47,281.4 1 1
github.com/wojbog/ToDoList/handlers/handlers.go:281.9,291.18 6 1
github.com/wojbog/ToDoList/handlers/handlers.go:291.18,292.37 1 1
github.com/wojbog/ToDoList/handlers/handlers.go:292.37,297.6 1 1
github.com/wojbog/ToDoList/handlers/handlers.go:297.11,302.6 1 1
github.com/wojbog/ToDoList/handlers/handlers.go:303.10,308.5 1 1
